{"name":"searching_by_keyword_poo_should_display_the_corresponding_article","id":"org.example.features.search.SearchByKeywordStoryDDT:searching_by_keyword_poo_should_display_the_corresponding_article","testCaseName":"org.example.features.search.SearchByKeywordStoryDDT","testSteps":[{"number":1,"description":"Is the home page","duration":9059,"startTime":"2023-05-12T19:29:28.384+03:00[Europe/Bucharest]","result":"SUCCESS","precondition":false,"level":0},{"number":2,"description":"Looks for: poo","duration":6627,"startTime":"2023-05-12T19:29:37.457+03:00[Europe/Bucharest]","result":"SUCCESS","precondition":false,"level":0,"children":[{"number":3,"description":"Enters: poo","duration":6594,"startTime":"2023-05-12T19:29:37.472+03:00[Europe/Bucharest]","exception":{"errorType":"net.thucydides.core.webdriver.exceptions.ElementShouldBeEnabledException","message":"Expected enabled element was not enabled","stackTrace":[{"declaringClass":"org.example.pages.DictionaryPage","methodName":"enter_keywords","fileName":"DictionaryPage.java","lineNumber":25},{"declaringClass":"org.example.steps.serenity.EndUserSteps2","methodName":"enters","fileName":"EndUserSteps2.java","lineNumber":16},{"declaringClass":"org.example.steps.serenity.EndUserSteps2","methodName":"looks_for","fileName":"EndUserSteps2.java","lineNumber":36},{"declaringClass":"org.example.features.search.SearchByKeywordStoryDDT","methodName":"searching_by_keyword_poo_should_display_the_corresponding_article","fileName":"SearchByKeywordStoryDDT.java","lineNumber":58},{"declaringClass":"worker.org.gradle.process.internal.worker.GradleWorkerMain","methodName":"run","fileName":"GradleWorkerMain.java","lineNumber":69},{"declaringClass":"worker.org.gradle.process.internal.worker.GradleWorkerMain","methodName":"main","fileName":"GradleWorkerMain.java","lineNumber":74}],"rootCause":{"errorType":"org.openqa.selenium.TimeoutException","message":"Expected condition failed: waiting for DictionaryPage.searchTerms to be enabled (tried for 5 second(s) with 100 milliseconds interval)","stackTrace":[{"declaringClass":"org.example.pages.DictionaryPage","methodName":"enter_keywords","fileName":"DictionaryPage.java","lineNumber":25},{"declaringClass":"org.example.steps.serenity.EndUserSteps2","methodName":"enters","fileName":"EndUserSteps2.java","lineNumber":16},{"declaringClass":"org.example.steps.serenity.EndUserSteps2","methodName":"looks_for","fileName":"EndUserSteps2.java","lineNumber":36},{"declaringClass":"org.example.features.search.SearchByKeywordStoryDDT","methodName":"searching_by_keyword_poo_should_display_the_corresponding_article","fileName":"SearchByKeywordStoryDDT.java","lineNumber":58},{"declaringClass":"worker.org.gradle.process.internal.worker.GradleWorkerMain","methodName":"run","fileName":"GradleWorkerMain.java","lineNumber":69},{"declaringClass":"worker.org.gradle.process.internal.worker.GradleWorkerMain","methodName":"main","fileName":"GradleWorkerMain.java","lineNumber":74}],"rootCause":{"errorType":"org.openqa.selenium.NoSuchElementException","message":"Timed out after 2 seconds. Element not found\nFor documentation on this error, please visit: https://www.seleniumhq.org/exceptions/no_such_element.html\nBuild info: version: \u00273.141.59\u0027, revision: \u0027e82be7d358\u0027, time: \u00272018-11-14T08:17:03\u0027\nSystem info: host: \u0027David.local\u0027, ip: \u0027fe80:0:0:0:c58:f7bc:bbb8:82a%en0\u0027, os.name: \u0027Mac OS X\u0027, os.arch: \u0027x86_64\u0027, os.version: \u002710.16\u0027, java.version: \u00271.8.0_202\u0027\nDriver info: driver.version: unknown","stackTrace":[{"declaringClass":"org.example.pages.DictionaryPage","methodName":"enter_keywords","fileName":"DictionaryPage.java","lineNumber":25},{"declaringClass":"org.example.steps.serenity.EndUserSteps2","methodName":"enters","fileName":"EndUserSteps2.java","lineNumber":16},{"declaringClass":"org.example.steps.serenity.EndUserSteps2","methodName":"looks_for","fileName":"EndUserSteps2.java","lineNumber":36},{"declaringClass":"org.example.features.search.SearchByKeywordStoryDDT","methodName":"searching_by_keyword_poo_should_display_the_corresponding_article","fileName":"SearchByKeywordStoryDDT.java","lineNumber":58},{"declaringClass":"worker.org.gradle.process.internal.worker.GradleWorkerMain","methodName":"run","fileName":"GradleWorkerMain.java","lineNumber":69},{"declaringClass":"worker.org.gradle.process.internal.worker.GradleWorkerMain","methodName":"main","fileName":"GradleWorkerMain.java","lineNumber":74}]}}},"result":"FAILURE","precondition":false,"level":1},{"number":4,"description":"Starts search","duration":3,"startTime":"2023-05-12T19:29:44.076+03:00[Europe/Bucharest]","result":"SKIPPED","precondition":false,"level":1}]},{"number":5,"description":"Should see definition: Alternative spelling of pooh: an instance of saying \"poo\".","duration":1,"startTime":"2023-05-12T19:29:44.091+03:00[Europe/Bucharest]","result":"SKIPPED","precondition":false,"level":0}],"userStory":{"id":"org.example.features.search.SearchByKeywordStoryDDT","storyName":"Search by keyword story DDT","storyClassName":"org.example.features.search.SearchByKeywordStoryDDT","path":"search","type":"story"},"featureTag":{"name":"Search/Search by keyword story DDT","type":"story","displayName":"Search/Search by keyword story DDT"},"title":"Searching by keyword poo should display the corresponding article","tags":[{"name":"Search/Search by keyword story DDT","type":"story","displayName":"Search by keyword story DDT"},{"name":"Search","type":"feature","displayName":"Search"},{"name":"Search","type":"capability","displayName":"Search for definitions"}],"startTime":"2023-05-12T19:29:27.968+03:00[Europe/Bucharest]","duration":16147,"testFailureCause":{"errorType":"net.thucydides.core.webdriver.exceptions.ElementShouldBeEnabledException","message":"Expected enabled element was not enabled\nBuild info: version: \u00273.141.59\u0027, revision: \u0027e82be7d358\u0027, time: \u00272018-11-14T08:17:03\u0027\nSystem info: host: \u0027David.local\u0027, ip: \u0027fe80:0:0:0:c58:f7bc:bbb8:82a%en0\u0027, os.name: \u0027Mac OS X\u0027, os.arch: \u0027x86_64\u0027, os.version: \u002710.16\u0027, java.version: \u00271.8.0_202\u0027\nDriver info: driver.version: unknown","stackTrace":[{"declaringClass":"org.example.pages.DictionaryPage","methodName":"enter_keywords","fileName":"DictionaryPage.java","lineNumber":25},{"declaringClass":"org.example.steps.serenity.EndUserSteps2","methodName":"enters","fileName":"EndUserSteps2.java","lineNumber":16},{"declaringClass":"org.example.steps.serenity.EndUserSteps2","methodName":"looks_for","fileName":"EndUserSteps2.java","lineNumber":36},{"declaringClass":"org.example.features.search.SearchByKeywordStoryDDT","methodName":"searching_by_keyword_poo_should_display_the_corresponding_article","fileName":"SearchByKeywordStoryDDT.java","lineNumber":58},{"declaringClass":"worker.org.gradle.process.internal.worker.GradleWorkerMain","methodName":"run","fileName":"GradleWorkerMain.java","lineNumber":69},{"declaringClass":"worker.org.gradle.process.internal.worker.GradleWorkerMain","methodName":"main","fileName":"GradleWorkerMain.java","lineNumber":74}]},"testFailureClassname":"net.thucydides.core.webdriver.exceptions.ElementShouldBeEnabledException","testFailureMessage":"Expected enabled element was not enabled\nBuild info: version: \u00273.141.59\u0027, revision: \u0027e82be7d358\u0027, time: \u00272018-11-14T08:17:03\u0027\nSystem info: host: \u0027David.local\u0027, ip: \u0027fe80:0:0:0:c58:f7bc:bbb8:82a%en0\u0027, os.name: \u0027Mac OS X\u0027, os.arch: \u0027x86_64\u0027, os.version: \u002710.16\u0027, java.version: \u00271.8.0_202\u0027\nDriver info: driver.version: unknown","testFailureSummary":"FAILURE;net.thucydides.core.webdriver.exceptions.ElementShouldBeEnabledException;Expected enabled element was not enabled\nBuild info: version: \u00273.141.59\u0027, revision: \u0027e82be7d358\u0027, time: \u00272018-11-14T08:17:03\u0027\nSystem info: host: \u0027David.local\u0027, ip: \u0027fe80:0:0:0:c58:f7bc:bbb8:82a%en0\u0027, os.name: \u0027Mac OS X\u0027, os.arch: \u0027x86_64\u0027, os.version: \u002710.16\u0027, java.version: \u00271.8.0_202\u0027\nDriver info: driver.version: unknown;DictionaryPage.java","projectKey":"","annotatedResult":"FAILURE","sessionId":"73f94daac7f3059e8d163ea2b5a04f57","driver":"chrome","isManualTestingUpToDate":false,"manual":false,"testSource":"JUnit","order":0,"result":"FAILURE"}